<?xml version="1.0" encoding="utf-8"?><test-results date="2019-02-13" name="Expecto.Tests" total="17" errors="0" failures="0" ignored="0" not-run="0" inconclusive="0" skipped="0" invalid="0" time="12:42:20"><environment expecto-version="8.8.0" clr-version="4.0.30319.42000" os-version="Microsoft Windows NT 6.2.9200.0" platform="Linux" cwd="C:\Users\Marnee\Dropbox\github\radio\aprs-projects\faprs\src\faprs.tests" machine-name="DESKTOP-BBKBQMF" user="Marnee" user-domain="DESKTOP-BBKBQMF" /><culture-info current-culture="en-US" current-uiculture="en-US" /><test-suite type="Assembly" name="Expecto.Tests" executed="True" result="Success" success="True" time="0.212" asserts="0"><results><test-case name="TNC Format Tests/Can build a packet with Position Report with latitude and longitude and lower callsign goes to upper" executed="True" result="Success" success="True" time="0.052" asserts="0" /><test-case name="TNC Format Tests/Can build a packet with Position Report with latitude and longitude and upper call sign" executed="True" result="Success" success="True" time="0.052" asserts="0" /><test-case name="Symbol Code Tests/Bicycle" executed="True" result="Success" success="True" time="0.014" asserts="0" /><test-case name="Symbol Code Tests/House" executed="True" result="Success" success="True" time="0.014" asserts="0" /><test-case name="Call Sign Tests/Fail to create too long call sign" executed="True" result="Success" success="True" time="0.002" asserts="0" /><test-case name="Call Sign Tests/Fail to create a too short call sign" executed="True" result="Success" success="True" time="0.002" asserts="0" /><test-case name="Path Tests/Non-WIDEnN fails - GATE" executed="True" result="Success" success="True" time="0.001" asserts="0" /><test-case name="Path Tests/Non-WIDEnN fails - ECHO" executed="True" result="Success" success="True" time="0.001" asserts="0" /><test-case name="Symbol Code Tests/Hospital" executed="True" result="Success" success="True" time="0.000" asserts="0" /><test-case name="Symbol Code Tests/Balloon" executed="True" result="Success" success="True" time="0.000" asserts="0" /><test-case name="Symbol Code Tests/Jogger" executed="True" result="Success" success="True" time="0.000" asserts="0" /><test-case name="Symbol Code Tests/Motorcycle" executed="True" result="Success" success="True" time="0.000" asserts="0" /><test-case name="Symbol Code Tests/Truck" executed="True" result="Success" success="True" time="0.000" asserts="0" /><test-case name="Symbol Code Tests/Jeep" executed="True" result="Success" success="True" time="0.000" asserts="0" /><test-case name="Path Tests/WIDEnN return WIDE1-1" executed="True" result="Success" success="True" time="0.000" asserts="0" /><test-case name="Call Sign Tests/Can create a call sign with 1 to 9 characters" executed="True" result="Success" success="True" time="0.000" asserts="0" /><test-case name="APRS Data Tests/Position Report comment longer than 43 characters fails" executed="True" result="Success" success="True" time="0.000" asserts="0" /></results></test-suite></test-results>